<?xml version="1.0" encoding="UTF-8" ?>
<testsuite failures="0" time="0.02" errors="0" skipped="0" tests="1" name="com.utn.searchengine.AppTest">
  <properties>
    <property name="java.runtime.name" value="Java(TM) SE Runtime Environment"/>
    <property name="sun.boot.library.path" value="D:\Program Files\Java\jdk1.6.0_24\jre\bin"/>
    <property name="java.vm.version" value="19.1-b02"/>
    <property name="java.vm.vendor" value="Sun Microsystems Inc."/>
    <property name="java.vendor.url" value="http://java.sun.com/"/>
    <property name="path.separator" value=";"/>
    <property name="java.vm.name" value="Java HotSpot(TM) 64-Bit Server VM"/>
    <property name="file.encoding.pkg" value="sun.io"/>
    <property name="user.country" value="ES"/>
    <property name="sun.java.launcher" value="SUN_STANDARD"/>
    <property name="sun.os.patch.level" value=""/>
    <property name="java.vm.specification.name" value="Java Virtual Machine Specification"/>
    <property name="user.dir" value="E:\Projects\SearchEngine\SearchEngine"/>
    <property name="java.runtime.version" value="1.6.0_24-b07"/>
    <property name="java.awt.graphicsenv" value="sun.awt.Win32GraphicsEnvironment"/>
    <property name="basedir" value="E:\Projects\SearchEngine\SearchEngine"/>
    <property name="java.endorsed.dirs" value="D:\Program Files\Java\jdk1.6.0_24\jre\lib\endorsed"/>
    <property name="os.arch" value="amd64"/>
    <property name="surefire.real.class.path" value="E:\Projects\SearchEngine\SearchEngine\target\surefire\surefirebooter6093387512540524306.jar"/>
    <property name="java.io.tmpdir" value="C:\Users\aaltamir\AppData\Local\Temp\"/>
    <property name="line.separator" value="
"/>
    <property name="java.vm.specification.vendor" value="Sun Microsystems Inc."/>
    <property name="user.variant" value=""/>
    <property name="os.name" value="Windows 7"/>
    <property name="sun.jnu.encoding" value="Cp1252"/>
    <property name="java.library.path" value="D:\Program Files\Java\jdk1.6.0_24\jre\bin;.;C:\Windows\Sun\Java\bin;C:\Windows\system32;C:\Windows;C:\Program Files\Common Files\Microsoft Shared\Windows Live;C:\Program Files (x86)\Common Files\Microsoft Shared\Windows Live;C:\Windows\system32;C:\Windows;C:\Windows\System32\Wbem;C:\Windows\System32\WindowsPowerShell\v1.0\;C:\Program Files (x86)\Windows Live\Shared;D:\Program Files\TortoiseSVN\bin;D:\Program Files\Java\jdk1.6.0_24\bin;D:\Atlassian\atlassian-plugin-sdk-3.3.3\atlassian-plugin-sdk-3.3.3\bin;D:\Program Files\Java\jdk1.6.0_24\bin;C:\Program Files\MySQL\MySQL Server 5.5\bin;c:\Program Files (x86)\Microsoft SQL Server\100\Tools\Binn\;c:\Program Files\Microsoft SQL Server\100\Tools\Binn\;c:\Program Files\Microsoft SQL Server\100\DTS\Binn\;C:\Program Files (x86)\QuickTime\QTSystem\;D:\Apache Maven\apache-maven-3.0.3\bin;D:\Program Files\Java\jdk1.6.0_24\bin"/>
    <property name="surefire.test.class.path" value="E:\Projects\SearchEngine\SearchEngine\target\test-classes;E:\Projects\SearchEngine\SearchEngine\target\classes;C:\Users\aaltamir\.m2\repository\junit\junit\3.8.1\junit-3.8.1.jar;C:\Users\aaltamir\.m2\repository\postgresql\postgresql\8.4-702.jdbc4\postgresql-8.4-702.jdbc4.jar;"/>
    <property name="java.specification.name" value="Java Platform API Specification"/>
    <property name="java.class.version" value="50.0"/>
    <property name="sun.management.compiler" value="HotSpot 64-Bit Server Compiler"/>
    <property name="os.version" value="6.1"/>
    <property name="user.home" value="C:\Users\aaltamir"/>
    <property name="user.timezone" value=""/>
    <property name="java.awt.printerjob" value="sun.awt.windows.WPrinterJob"/>
    <property name="java.specification.version" value="1.6"/>
    <property name="file.encoding" value="Cp1252"/>
    <property name="user.name" value="aaltamir"/>
    <property name="java.class.path" value="E:\Projects\SearchEngine\SearchEngine\target\test-classes;E:\Projects\SearchEngine\SearchEngine\target\classes;C:\Users\aaltamir\.m2\repository\junit\junit\3.8.1\junit-3.8.1.jar;C:\Users\aaltamir\.m2\repository\postgresql\postgresql\8.4-702.jdbc4\postgresql-8.4-702.jdbc4.jar;"/>
    <property name="java.vm.specification.version" value="1.0"/>
    <property name="sun.arch.data.model" value="64"/>
    <property name="java.home" value="D:\Program Files\Java\jdk1.6.0_24\jre"/>
    <property name="java.specification.vendor" value="Sun Microsystems Inc."/>
    <property name="user.language" value="es"/>
    <property name="awt.toolkit" value="sun.awt.windows.WToolkit"/>
    <property name="java.vm.info" value="mixed mode"/>
    <property name="java.version" value="1.6.0_24"/>
    <property name="java.ext.dirs" value="D:\Program Files\Java\jdk1.6.0_24\jre\lib\ext;C:\Windows\Sun\Java\lib\ext"/>
    <property name="sun.boot.class.path" value="D:\Program Files\Java\jdk1.6.0_24\jre\lib\resources.jar;D:\Program Files\Java\jdk1.6.0_24\jre\lib\rt.jar;D:\Program Files\Java\jdk1.6.0_24\jre\lib\sunrsasign.jar;D:\Program Files\Java\jdk1.6.0_24\jre\lib\jsse.jar;D:\Program Files\Java\jdk1.6.0_24\jre\lib\jce.jar;D:\Program Files\Java\jdk1.6.0_24\jre\lib\charsets.jar;D:\Program Files\Java\jdk1.6.0_24\jre\lib\modules\jdk.boot.jar;D:\Program Files\Java\jdk1.6.0_24\jre\classes"/>
    <property name="java.vendor" value="Sun Microsystems Inc."/>
    <property name="localRepository" value="C:\Users\aaltamir\.m2\repository"/>
    <property name="file.separator" value="\"/>
    <property name="java.vendor.url.bug" value="http://java.sun.com/cgi-bin/bugreport.cgi"/>
    <property name="sun.cpu.endian" value="little"/>
    <property name="sun.io.unicode.encoding" value="UnicodeLittle"/>
    <property name="sun.desktop" value="windows"/>
    <property name="sun.cpu.isalist" value="amd64"/>
  </properties>
  <testcase time="0.001" classname="com.utn.searchengine.AppTest" name="testApp"/>
</testsuite>